<?xml version="1.0" encoding="UTF-8"?>
<!-- Generated by org.testng.reporters.JUnitXMLReporter -->
<testsuite ignored="1" hostname="DESKTOP-9HIBJVC" failures="0" tests="3" name="Regression" time="11.742" errors="0" timestamp="2022-04-09T09:34:41 IST">
  <testcase classname="testNg_Concept.GroupsConcept" name="validateGoogleSearchTest" time="0.05"/>
  <testcase classname="testNg_Concept.GroupsConcept" name="validateGmaillinkTest" time="0.004"/>
  <testcase classname="testNg_Concept.GroupsConcept" name="validateLoginTest" time="0.005"/>
  <testcase classname="testNg_Concept.GroupsConcept" name="validateimageSearchTest" time="0.0">
    <ignored/>
  </testcase> <!-- validateimageSearchTest -->
</testsuite> <!-- Regression -->
