<?xml version="1.0" encoding="UTF-8"?>
<!-- Generated by org.testng.reporters.JUnitXMLReporter -->
<testsuite ignored="4" hostname="DESKTOP-9HIBJVC" failures="0" tests="0" time="0.022" errors="0" timestamp="2022-04-09T08:28:44 IST">
  <testcase classname="testNg_Concept.GroupsConcept" name="validateLoginTest" time="0.0">
    <ignored/>
  </testcase> <!-- validateLoginTest -->
  <testcase classname="testNg_Concept.GroupsConcept" name="validateGmaillinkTest" time="0.0">
    <ignored/>
  </testcase> <!-- validateGmaillinkTest -->
  <testcase classname="testNg_Concept.GroupsConcept" name="validateGoogleSearchTest" time="0.0">
    <ignored/>
  </testcase> <!-- validateGoogleSearchTest -->
  <testcase classname="testNg_Concept.GroupsConcept" name="validateimageSearchTest" time="0.0">
    <ignored/>
  </testcase> <!-- validateimageSearchTest -->
</testsuite>
